<?xml version="1.0" encoding="UTF-8"?>
<!-- Generated by org.testng.reporters.JUnitReportReporter -->
<testsuite hostname="DESKTOP-1Q7B79B" failures="0" tests="6" name="com.FaceFirst.web.runner.RunTestNGTest" time="355.450" errors="0" timestamp="2023-01-10T19:06:36 IST" skipped="0">
  <testcase classname="com.FaceFirst.web.runner.RunTestNGTest" name="feature" time="76.675"/>
  <system-out/>
  <testcase classname="com.FaceFirst.web.runner.RunTestNGTest" name="feature" time="11.716"/>
  <system-out/>
  <testcase classname="com.FaceFirst.web.runner.RunTestNGTest" name="feature" time="85.723"/>
  <system-out/>
  <testcase classname="com.FaceFirst.web.runner.RunTestNGTest" name="feature" time="80.241"/>
  <system-out/>
  <testcase classname="com.FaceFirst.web.runner.RunTestNGTest" name="feature" time="63.326"/>
  <system-out/>
  <testcase classname="com.FaceFirst.web.runner.RunTestNGTest" name="feature" time="37.769"/>
  <system-out/>
</testsuite> <!-- com.FaceFirst.web.runner.RunTestNGTest -->
